<?xml version="1.0" encoding="UTF-8"?>
<!-- Generated by org.testng.reporters.JUnitReportReporter -->
<testsuite hostname="JaqaszMSI" failures="0" tests="1" name="RestPrograms.HTTP_POST_Ex" time="1.562" errors="0" timestamp="2021-11-03T13:06:16 IST" skipped="0">
  <testcase classname="RestPrograms.HTTP_POST_Ex" name="postMethod" time="1.562"/>
  <system-out/>
</testsuite> <!-- RestPrograms.HTTP_POST_Ex -->
